<?xml version="1.0" encoding="UTF-8"?>
<!-- Generated by org.testng.reporters.JUnitReportReporter -->
<testsuite skipped="0" hostname="ManoharK-MSD1" name="qaclickacademy.SeleniumTest" tests="2" failures="0" timestamp="16 Jan 2021 06:56:41 GMT" time="0.023" errors="0">
  <testcase name="BrowserAUtomation" time="0.020" classname="qaclickacademy.SeleniumTest"/>
  <testcase name="elementsUi" time="0.003" classname="qaclickacademy.SeleniumTest"/>
</testsuite> <!-- qaclickacademy.SeleniumTest -->
