<?xml version="1.0" encoding="UTF-8"?>
<!-- Generated by org.testng.reporters.JUnitReportReporter -->
<testsuite skipped="0" hostname="ManoharK-MSD1" name="qaclickacademy.AppiumTest" tests="2" failures="0" timestamp="16 Jan 2021 06:56:41 GMT" time="0.004" errors="0">
  <testcase name="IOSApps" time="0.002" classname="qaclickacademy.AppiumTest"/>
  <testcase name="NativeAPpAndroid" time="0.002" classname="qaclickacademy.AppiumTest"/>
</testsuite> <!-- qaclickacademy.AppiumTest -->
